{
  "stats": {
    "suites": 1,
    "tests": 6,
    "passes": 6,
    "pending": 0,
    "failures": 0,
    "start": "2025-12-01T12:19:34.272Z",
    "end": "2025-12-01T12:19:34.468Z",
    "duration": 196,
    "testsRegistered": 6,
    "passPercent": 100,
    "pendingPercent": 0,
    "other": 0,
    "hasOther": false,
    "skipped": 0,
    "hasSkipped": false
  },
  "results": [
    {
      "uuid": "eec9c826-4e14-49b6-833c-1affac95efa6",
      "title": "",
      "fullFile": "cypress/integration/exercicio-api.spec.js",
      "file": "cypress/integration/exercicio-api.spec.js",
      "beforeHooks": [],
      "afterHooks": [],
      "tests": [],
      "suites": [
        {
          "uuid": "3376057d-fe9e-401e-bfff-e69a80d4b267",
          "title": "Testes da Funcionalidade Usuários",
          "fullFile": "",
          "file": "",
          "beforeHooks": [],
          "afterHooks": [],
          "tests": [
            {
              "title": "Deve validar contrato de usuários",
              "fullTitle": "Testes da Funcionalidade Usuários Deve validar contrato de usuários",
              "timedOut": null,
              "duration": 37,
              "state": "passed",
              "speed": "fast",
              "pass": true,
              "fail": false,
              "pending": false,
              "context": null,
              "code": "//TODO:",
              "err": {},
              "uuid": "469fefc4-3826-4689-b2d3-e2c60611037a",
              "parentUUID": "3376057d-fe9e-401e-bfff-e69a80d4b267",
              "isHook": false,
              "skipped": false
            },
            {
              "title": "Deve listar usuários cadastrados",
              "fullTitle": "Testes da Funcionalidade Usuários Deve listar usuários cadastrados",
              "timedOut": null,
              "duration": 29,
              "state": "passed",
              "speed": "fast",
              "pass": true,
              "fail": false,
              "pending": false,
              "context": null,
              "code": "//TODO:",
              "err": {},
              "uuid": "db0bfc5d-ebd2-4ec5-8529-3e813f98619f",
              "parentUUID": "3376057d-fe9e-401e-bfff-e69a80d4b267",
              "isHook": false,
              "skipped": false
            },
            {
              "title": "Deve cadastrar um usuário com sucesso",
              "fullTitle": "Testes da Funcionalidade Usuários Deve cadastrar um usuário com sucesso",
              "timedOut": null,
              "duration": 24,
              "state": "passed",
              "speed": "fast",
              "pass": true,
              "fail": false,
              "pending": false,
              "context": null,
              "code": "//TODO:",
              "err": {},
              "uuid": "85f48977-b77a-4a86-9ee8-ca943b61ba8d",
              "parentUUID": "3376057d-fe9e-401e-bfff-e69a80d4b267",
              "isHook": false,
              "skipped": false
            },
            {
              "title": "Deve validar um usuário com email inválido",
              "fullTitle": "Testes da Funcionalidade Usuários Deve validar um usuário com email inválido",
              "timedOut": null,
              "duration": 20,
              "state": "passed",
              "speed": "fast",
              "pass": true,
              "fail": false,
              "pending": false,
              "context": null,
              "code": "//TODO:",
              "err": {},
              "uuid": "3db7ea52-ed06-4d0e-9ffa-90ea63672a02",
              "parentUUID": "3376057d-fe9e-401e-bfff-e69a80d4b267",
              "isHook": false,
              "skipped": false
            },
            {
              "title": "Deve editar um usuário previamente cadastrado",
              "fullTitle": "Testes da Funcionalidade Usuários Deve editar um usuário previamente cadastrado",
              "timedOut": null,
              "duration": 20,
              "state": "passed",
              "speed": "fast",
              "pass": true,
              "fail": false,
              "pending": false,
              "context": null,
              "code": "//TODO:",
              "err": {},
              "uuid": "44339095-3408-4177-96c1-6036ec93d602",
              "parentUUID": "3376057d-fe9e-401e-bfff-e69a80d4b267",
              "isHook": false,
              "skipped": false
            },
            {
              "title": "Deve deletar um usuário previamente cadastrado",
              "fullTitle": "Testes da Funcionalidade Usuários Deve deletar um usuário previamente cadastrado",
              "timedOut": null,
              "duration": 19,
              "state": "passed",
              "speed": "fast",
              "pass": true,
              "fail": false,
              "pending": false,
              "context": null,
              "code": "//TODO:",
              "err": {},
              "uuid": "d87ebcde-75f7-448c-b98e-d4b82b79d70c",
              "parentUUID": "3376057d-fe9e-401e-bfff-e69a80d4b267",
              "isHook": false,
              "skipped": false
            }
          ],
          "suites": [],
          "passes": [
            "469fefc4-3826-4689-b2d3-e2c60611037a",
            "db0bfc5d-ebd2-4ec5-8529-3e813f98619f",
            "85f48977-b77a-4a86-9ee8-ca943b61ba8d",
            "3db7ea52-ed06-4d0e-9ffa-90ea63672a02",
            "44339095-3408-4177-96c1-6036ec93d602",
            "d87ebcde-75f7-448c-b98e-d4b82b79d70c"
          ],
          "failures": [],
          "pending": [],
          "skipped": [],
          "duration": 149,
          "root": false,
          "rootEmpty": false,
          "_timeout": 2000
        }
      ],
      "passes": [],
      "failures": [],
      "pending": [],
      "skipped": [],
      "duration": 0,
      "root": true,
      "rootEmpty": true,
      "_timeout": 2000
    }
  ],
  "meta": {
    "mocha": {
      "version": "7.0.1"
    },
    "mochawesome": {
      "options": {
        "quiet": false,
        "reportFilename": "mochawesome",
        "saveHtml": true,
        "saveJson": true,
        "consoleReporter": "spec",
        "useInlineDiffs": false,
        "code": true
      },
      "version": "6.2.2"
    },
    "marge": {
      "options": {
        "reportDir": "mochawesome-report",
        "overwrite": false,
        "html": true,
        "json": true
      },
      "version": "5.2.0"
    }
  }
}